TN:
SF:src\server.ts
FN:16,(anonymous_1)
FN:24,(anonymous_2)
FN:33,(anonymous_3)
FN:39,(anonymous_4)
FN:41,(anonymous_5)
FN:50,(anonymous_6)
FN:66,(anonymous_7)
FN:71,(anonymous_8)
FN:72,(anonymous_9)
FN:78,(anonymous_10)
FN:79,(anonymous_11)
FN:90,(anonymous_12)
FNF:12
FNH:0
FNDA:0,(anonymous_1)
FNDA:0,(anonymous_2)
FNDA:0,(anonymous_3)
FNDA:0,(anonymous_4)
FNDA:0,(anonymous_5)
FNDA:0,(anonymous_6)
FNDA:0,(anonymous_7)
FNDA:0,(anonymous_8)
FNDA:0,(anonymous_9)
FNDA:0,(anonymous_10)
FNDA:0,(anonymous_11)
FNDA:0,(anonymous_12)
DA:1,0
DA:2,0
DA:3,0
DA:4,0
DA:5,0
DA:6,0
DA:7,0
DA:8,0
DA:9,0
DA:17,0
DA:18,0
DA:19,0
DA:20,0
DA:21,0
DA:25,0
DA:30,0
DA:31,0
DA:33,0
DA:34,0
DA:35,0
DA:41,0
DA:42,0
DA:50,0
DA:51,0
DA:59,0
DA:60,0
DA:61,0
DA:62,0
DA:63,0
DA:66,0
DA:67,0
DA:72,0
DA:73,0
DA:74,0
DA:79,0
DA:80,0
DA:81,0
DA:82,0
DA:83,0
DA:84,0
DA:85,0
DA:86,0
DA:91,0
DA:96,0
LF:44
LH:0
BRF:0
BRH:0
end_of_record
TN:
SF:src\__tests__\helpers\index.ts
FN:8,cleanDatabase
FN:21,createTestCliente
FN:36,createTestProducto
FN:53,(anonymous_3)
FN:54,(anonymous_4)
FN:55,(anonymous_5)
FN:56,(anonymous_6)
FN:62,(anonymous_7)
FN:62,(anonymous_8)
FN:67,disconnectPrisma
FNF:10
FNH:6
FNDA:22,cleanDatabase
FNDA:14,createTestCliente
FNDA:37,createTestProducto
FNDA:0,(anonymous_3)
FNDA:3,(anonymous_4)
FNDA:1,(anonymous_5)
FNDA:0,(anonymous_6)
FNDA:0,(anonymous_7)
FNDA:0,(anonymous_8)
FNDA:3,disconnectPrisma
DA:1,3
DA:3,3
DA:8,3
DA:10,22
DA:11,22
DA:12,22
DA:13,22
DA:14,22
DA:15,22
DA:21,3
DA:25,14
DA:36,3
DA:37,37
DA:52,3
DA:53,0
DA:54,3
DA:55,1
DA:56,0
DA:62,3
DA:67,3
DA:68,3
LF:21
LH:19
BRDA:22,0,0,0
BRDA:23,1,0,0
BRDA:39,2,0,37
BRDA:39,2,1,10
BRDA:40,3,0,37
BRDA:40,3,1,18
BRDA:41,4,0,37
BRDA:41,4,1,37
BRDA:42,5,0,37
BRDA:42,5,1,8
BRDA:43,6,0,14
BRDA:43,6,1,23
BRF:12
BRH:10
end_of_record
TN:
SF:src\config\env.ts
FN:28,(anonymous_1)
FNF:1
FNH:0
FNDA:0,(anonymous_1)
DA:1,0
DA:4,0
DA:6,0
DA:8,0
DA:9,0
DA:10,0
DA:14,0
DA:28,0
DA:32,0
DA:33,0
DA:34,0
DA:35,0
DA:36,0
DA:37,0
LF:14
LH:0
BRDA:9,0,0,0
BRDA:9,0,1,0
BRDA:15,1,0,0
BRDA:15,1,1,0
BRDA:16,2,0,0
BRDA:16,2,1,0
BRDA:17,3,0,0
BRDA:17,3,1,0
BRDA:18,4,0,0
BRDA:18,4,1,0
BRDA:19,5,0,0
BRDA:19,5,1,0
BRDA:20,6,0,0
BRDA:20,6,1,0
BRDA:22,7,0,0
BRDA:22,7,1,0
BRDA:23,8,0,0
BRDA:23,8,1,0
BRDA:24,9,0,0
BRDA:24,9,1,0
BRDA:25,10,0,0
BRDA:25,10,1,0
BRDA:26,11,0,0
BRDA:26,11,1,0
BRDA:27,12,0,0
BRDA:27,12,1,0
BRDA:37,13,0,0
BRDA:37,13,1,0
BRF:28
BRH:0
end_of_record
TN:
SF:src\controllers\clientes.controller.ts
FN:16,(anonymous_0)
FN:59,(anonymous_1)
FN:99,(anonymous_2)
FN:133,(anonymous_3)
FN:162,(anonymous_4)
FNF:5
FNH:0
FNDA:0,(anonymous_0)
FNDA:0,(anonymous_1)
FNDA:0,(anonymous_2)
FNDA:0,(anonymous_3)
FNDA:0,(anonymous_4)
DA:8,0
DA:10,0
DA:12,0
DA:17,0
DA:18,0
DA:19,0
DA:20,0
DA:22,0
DA:36,0
DA:48,0
DA:49,0
DA:60,0
DA:61,0
DA:63,0
DA:76,0
DA:77,0
DA:83,0
DA:88,0
DA:89,0
DA:100,0
DA:101,0
DA:103,0
DA:104,0
DA:110,0
DA:117,0
DA:122,0
DA:123,0
DA:134,0
DA:135,0
DA:136,0
DA:138,0
DA:146,0
DA:151,0
DA:152,0
DA:163,0
DA:164,0
DA:166,0
DA:170,0
DA:175,0
DA:176,0
DA:184,0
LF:41
LH:0
BRDA:18,0,0,0
BRDA:18,0,1,0
BRDA:19,1,0,0
BRDA:19,1,1,0
BRDA:76,2,0,0
BRDA:76,2,1,0
BRDA:103,3,0,0
BRDA:103,3,1,0
BRDA:103,4,0,0
BRDA:103,4,1,0
BRDA:141,5,0,0
BRDA:141,5,1,0
BRDA:142,6,0,0
BRDA:142,6,1,0
BRF:14
BRH:0
end_of_record
TN:
SF:src\controllers\pedidos.controller.ts
FN:16,(anonymous_0)
FN:69,(anonymous_1)
FN:108,(anonymous_2)
FN:179,(anonymous_3)
FN:233,(anonymous_4)
FN:270,(anonymous_5)
FNF:6
FNH:0
FNDA:0,(anonymous_0)
FNDA:0,(anonymous_1)
FNDA:0,(anonymous_2)
FNDA:0,(anonymous_3)
FNDA:0,(anonymous_4)
FNDA:0,(anonymous_5)
DA:8,0
DA:10,0
DA:12,0
DA:17,0
DA:18,0
DA:19,0
DA:20,0
DA:21,0
DA:23,0
DA:24,0
DA:25,0
DA:28,0
DA:46,0
DA:58,0
DA:59,0
DA:70,0
DA:71,0
DA:73,0
DA:85,0
DA:86,0
DA:92,0
DA:97,0
DA:98,0
DA:109,0
DA:110,0
DA:112,0
DA:113,0
DA:120,0
DA:125,0
DA:126,0
DA:127,0
DA:128,0
DA:129,0
DA:132,0
DA:135,0
DA:136,0
DA:138,0
DA:139,0
DA:143,0
DA:144,0
DA:150,0
DA:151,0
DA:153,0
DA:162,0
DA:163,0
DA:164,0
DA:167,0
DA:171,0
DA:172,0
DA:179,0
DA:180,0
DA:206,0
DA:214,0
DA:217,0
DA:222,0
DA:223,0
DA:234,0
DA:235,0
DA:236,0
DA:238,0
DA:254,0
DA:259,0
DA:260,0
DA:271,0
DA:272,0
DA:274,0
DA:278,0
DA:283,0
DA:284,0
DA:292,0
LF:70
LH:0
BRDA:18,0,0,0
BRDA:18,0,1,0
BRDA:19,1,0,0
BRDA:19,1,1,0
BRDA:24,2,0,0
BRDA:24,2,1,0
BRDA:85,3,0,0
BRDA:85,3,1,0
BRDA:112,4,0,0
BRDA:112,4,1,0
BRDA:112,5,0,0
BRDA:112,5,1,0
BRDA:112,5,2,0
BRDA:112,5,3,0
BRDA:126,6,0,0
BRDA:126,6,1,0
BRDA:128,7,0,0
BRDA:128,7,1,0
BRDA:143,8,0,0
BRDA:143,8,1,0
BRDA:163,9,0,0
BRDA:163,9,1,0
BRDA:171,10,0,0
BRDA:171,10,1,0
BRDA:189,11,0,0
BRDA:189,11,1,0
BRDA:190,12,0,0
BRDA:190,12,1,0
BRDA:241,13,0,0
BRDA:241,13,1,0
BRDA:242,14,0,0
BRDA:242,14,1,0
BRF:32
BRH:0
end_of_record
TN:
SF:src\controllers\productos.controller.ts
FN:16,(anonymous_0)
FN:73,(anonymous_1)
FN:107,(anonymous_2)
FN:150,(anonymous_3)
FN:186,(anonymous_4)
FN:210,(anonymous_5)
FNF:6
FNH:0
FNDA:0,(anonymous_0)
FNDA:0,(anonymous_1)
FNDA:0,(anonymous_2)
FNDA:0,(anonymous_3)
FNDA:0,(anonymous_4)
FNDA:0,(anonymous_5)
DA:8,0
DA:10,0
DA:12,0
DA:17,0
DA:18,0
DA:19,0
DA:20,0
DA:21,0
DA:22,0
DA:24,0
DA:26,0
DA:27,0
DA:30,0
DA:31,0
DA:37,0
DA:50,0
DA:62,0
DA:63,0
DA:74,0
DA:75,0
DA:77,0
DA:84,0
DA:85,0
DA:91,0
DA:96,0
DA:97,0
DA:108,0
DA:109,0
DA:111,0
DA:112,0
DA:118,0
DA:134,0
DA:139,0
DA:140,0
DA:151,0
DA:152,0
DA:153,0
DA:155,0
DA:170,0
DA:175,0
DA:176,0
DA:187,0
DA:188,0
DA:190,0
DA:194,0
DA:199,0
DA:200,0
DA:211,0
DA:212,0
DA:214,0
DA:224,0
DA:229,0
DA:230,0
DA:238,0
LF:54
LH:0
BRDA:18,0,0,0
BRDA:18,0,1,0
BRDA:19,1,0,0
BRDA:19,1,1,0
BRDA:26,2,0,0
BRDA:26,2,1,0
BRDA:30,3,0,0
BRDA:30,3,1,0
BRDA:84,4,0,0
BRDA:84,4,1,0
BRDA:111,5,0,0
BRDA:111,5,1,0
BRDA:111,6,0,0
BRDA:111,6,1,0
BRDA:111,6,2,0
BRDA:111,6,3,0
BRDA:126,7,0,0
BRDA:126,7,1,0
BRDA:158,8,0,0
BRDA:158,8,1,0
BRDA:159,9,0,0
BRDA:159,9,1,0
BRDA:160,10,0,0
BRDA:160,10,1,0
BRDA:161,11,0,0
BRDA:161,11,1,0
BRDA:162,12,0,0
BRDA:162,12,1,0
BRDA:163,13,0,0
BRDA:163,13,1,0
BRF:30
BRH:0
end_of_record
TN:
SF:src\controllers\statsController.ts
FN:16,(anonymous_0)
FNF:1
FNH:0
FNDA:0,(anonymous_0)
DA:8,0
DA:10,0
DA:12,0
DA:17,0
DA:25,0
DA:46,0
DA:64,0
DA:65,0
DA:73,0
LF:9
LH:0
BRDA:59,0,0,0
BRDA:59,0,1,0
BRF:2
BRH:0
end_of_record
TN:
SF:src\controllers\whatsappController.ts
FN:9,(anonymous_0)
FN:33,(anonymous_1)
FN:59,(anonymous_2)
FN:72,(anonymous_3)
FN:98,(anonymous_4)
FNF:5
FNH:0
FNDA:0,(anonymous_0)
FNDA:0,(anonymous_1)
FNDA:0,(anonymous_2)
FNDA:0,(anonymous_3)
FNDA:0,(anonymous_4)
DA:2,0
DA:4,0
DA:10,0
DA:11,0
DA:14,0
DA:15,0
DA:21,0
DA:22,0
DA:30,0
DA:33,0
DA:35,0
DA:46,0
DA:47,0
DA:60,0
DA:61,0
DA:63,0
DA:64,0
DA:70,0
DA:72,0
DA:74,0
DA:85,0
DA:86,0
DA:99,0
DA:111,0
LF:24
LH:0
BRDA:11,0,0,0
BRDA:14,1,0,0
BRDA:14,1,1,0
BRDA:21,2,0,0
BRDA:21,2,1,0
BRDA:63,3,0,0
BRDA:63,3,1,0
BRDA:63,4,0,0
BRDA:63,4,1,0
BRF:9
BRH:0
end_of_record
TN:
SF:src\routes\clientes.routes.ts
FNF:0
FNH:0
DA:1,0
DA:2,0
DA:4,0
DA:6,0
DA:7,0
DA:8,0
DA:9,0
DA:10,0
DA:12,0
LF:9
LH:0
BRF:0
BRH:0
end_of_record
TN:
SF:src\routes\pedidos.routes.ts
FNF:0
FNH:0
DA:1,0
DA:2,0
DA:4,0
DA:7,0
DA:10,0
DA:13,0
DA:16,0
DA:19,0
DA:21,0
LF:9
LH:0
BRF:0
BRH:0
end_of_record
TN:
SF:src\routes\productos.routes.ts
FNF:0
FNH:0
DA:1,0
DA:2,0
DA:4,0
DA:6,0
DA:7,0
DA:8,0
DA:9,0
DA:10,0
DA:12,0
LF:9
LH:0
BRF:0
BRH:0
end_of_record
TN:
SF:src\routes\stats.routes.ts
FNF:0
FNH:0
DA:1,0
DA:2,0
DA:4,0
DA:6,0
DA:8,0
LF:5
LH:0
BRF:0
BRH:0
end_of_record
TN:
SF:src\routes\whatsapp.routes.ts
FNF:0
FNH:0
DA:1,0
DA:2,0
DA:4,0
DA:6,0
DA:7,0
DA:8,0
DA:10,0
LF:7
LH:0
BRF:0
BRH:0
end_of_record
TN:
SF:src\services\cliente.service.ts
FN:14,(anonymous_0)
FN:39,(anonymous_1)
FN:51,(anonymous_2)
FN:67,(anonymous_3)
FN:101,(anonymous_4)
FN:134,(anonymous_5)
FN:160,(anonymous_6)
FNF:7
FNH:4
FNDA:4,(anonymous_0)
FNDA:0,(anonymous_1)
FNDA:2,(anonymous_2)
FNDA:2,(anonymous_3)
FNDA:2,(anonymous_4)
FNDA:0,(anonymous_5)
FNDA:0,(anonymous_6)
DA:7,1
DA:10,1
DA:16,4
DA:19,4
DA:24,4
DA:25,3
DA:33,4
DA:40,0
DA:42,0
DA:52,2
DA:54,2
DA:68,2
DA:70,2
DA:86,2
DA:102,2
DA:104,2
DA:135,0
DA:137,0
DA:141,0
DA:143,0
DA:161,0
DA:163,0
DA:172,0
DA:173,0
DA:180,0
DA:185,0
DA:193,1
LF:27
LH:15
BRDA:24,0,0,3
BRDA:24,0,1,1
BRDA:28,1,0,3
BRDA:28,1,1,2
BRDA:67,2,0,0
BRDA:67,3,0,0
BRDA:134,4,0,0
BRDA:141,5,0,0
BRDA:141,5,1,0
BRDA:172,6,0,0
BRDA:172,6,1,0
BRDA:188,7,0,0
BRDA:188,7,1,0
BRF:13
BRH:4
end_of_record
TN:
SF:src\services\pedido.service.ts
FN:26,(anonymous_0)
FN:46,(anonymous_1)
FN:101,(anonymous_2)
FN:146,(anonymous_3)
FN:163,(anonymous_4)
FN:180,(anonymous_5)
FN:190,(anonymous_6)
FN:200,(anonymous_7)
FN:219,(anonymous_8)
FNF:9
FNH:8
FNDA:15,(anonymous_0)
FNDA:15,(anonymous_1)
FNDA:13,(anonymous_2)
FNDA:2,(anonymous_3)
FNDA:0,(anonymous_4)
FNDA:1,(anonymous_5)
FNDA:1,(anonymous_6)
FNDA:2,(anonymous_7)
FNDA:1,(anonymous_8)
DA:7,1
DA:22,1
DA:27,15
DA:32,15
DA:33,15
DA:34,10
DA:35,10
DA:36,10
DA:40,15
DA:48,15
DA:49,15
DA:53,15
DA:54,6
DA:63,15
DA:66,15
DA:67,15
DA:69,15
DA:70,15
DA:74,15
DA:75,1
DA:78,14
DA:79,1
DA:82,13
DA:83,13
DA:85,13
DA:95,13
DA:96,13
DA:97,13
DA:98,13
DA:101,13
DA:102,13
DA:129,13
DA:137,13
DA:140,13
DA:147,2
DA:164,0
DA:181,1
DA:191,1
DA:201,2
DA:212,2
DA:214,1
DA:215,1
DA:216,1
DA:217,1
DA:219,1
DA:220,1
DA:223,1
DA:224,1
DA:226,1
DA:227,1
DA:230,1
DA:231,1
DA:234,1
DA:235,1
DA:236,1
DA:238,1
DA:242,1
LF:57
LH:56
BRDA:33,0,0,10
BRDA:33,0,1,5
BRDA:35,1,0,10
BRDA:35,1,1,0
BRDA:53,2,0,6
BRDA:53,2,1,9
BRDA:74,3,0,1
BRDA:74,3,1,14
BRDA:78,4,0,1
BRDA:78,4,1,13
BRDA:95,5,0,13
BRDA:95,5,1,10
BRDA:97,6,0,3
BRDA:97,6,1,10
BRDA:212,7,0,1
BRDA:212,7,1,1
BRDA:226,8,0,1
BRDA:226,8,1,0
BRDA:230,9,0,1
BRDA:230,9,1,0
BRDA:235,10,0,1
BRDA:235,10,1,0
BRDA:236,11,0,1
BRDA:236,11,1,0
BRF:24
BRH:19
end_of_record
TN:
SF:src\services\prisma.service.ts
FN:12,(anonymous_0)
FN:14,(anonymous_1)
FN:21,(anonymous_2)
FN:29,(anonymous_3)
FNF:4
FNH:1
FNDA:0,(anonymous_0)
FNDA:3,(anonymous_1)
FNDA:0,(anonymous_2)
FNDA:0,(anonymous_3)
DA:7,3
DA:15,3
DA:16,3
DA:21,3
DA:22,0
DA:26,3
DA:30,0
DA:31,0
DA:36,3
DA:37,3
LF:10
LH:7
BRDA:15,0,0,3
BRDA:15,0,1,0
BRDA:30,1,0,0
BRDA:30,1,1,0
BRF:4
BRH:1
end_of_record
TN:
SF:src\services\producto.service.ts
FN:14,(anonymous_0)
FN:20,(anonymous_1)
FN:26,(anonymous_2)
FN:45,(anonymous_3)
FN:67,(anonymous_4)
FN:79,(anonymous_5)
FN:99,(anonymous_6)
FN:134,(anonymous_7)
FN:161,(anonymous_8)
FN:180,(anonymous_9)
FN:189,(anonymous_10)
FN:201,(anonymous_11)
FN:216,(anonymous_12)
FNF:13
FNH:7
FNDA:0,(anonymous_0)
FNDA:0,(anonymous_1)
FNDA:2,(anonymous_2)
FNDA:2,(anonymous_3)
FNDA:3,(anonymous_4)
FNDA:0,(anonymous_5)
FNDA:2,(anonymous_6)
FNDA:1,(anonymous_7)
FNDA:1,(anonymous_8)
FNDA:1,(anonymous_9)
FNDA:0,(anonymous_10)
FNDA:0,(anonymous_11)
FNDA:0,(anonymous_12)
DA:7,1
DA:10,1
DA:15,0
DA:20,0
DA:27,2
DA:46,2
DA:68,3
DA:80,0
DA:100,2
DA:102,2
DA:119,2
DA:144,1
DA:171,1
DA:181,1
DA:190,0
DA:195,0
DA:203,0
DA:216,0
DA:218,0
DA:233,1
LF:20
LH:12
BRDA:99,0,0,0
BRDA:99,1,0,0
BRDA:152,2,0,1
BRDA:152,2,1,0
BRDA:195,3,0,0
BRDA:195,3,1,0
BRDA:201,4,0,0
BRF:7
BRH:1
end_of_record
TN:
SF:src\services\whatsapp.service.ts
FN:21,(anonymous_10)
FN:25,(anonymous_11)
FN:50,(anonymous_12)
FN:53,(anonymous_13)
FN:58,(anonymous_14)
FN:62,(anonymous_15)
FN:66,(anonymous_16)
FN:71,(anonymous_17)
FN:75,(anonymous_18)
FN:79,(anonymous_19)
FN:84,(anonymous_20)
FN:89,(anonymous_21)
FN:102,(anonymous_22)
FN:137,(anonymous_23)
FN:213,(anonymous_24)
FN:252,(anonymous_25)
FN:284,(anonymous_26)
FN:391,(anonymous_27)
FN:430,(anonymous_28)
FN:437,(anonymous_29)
FN:463,(anonymous_30)
FN:477,(anonymous_31)
FN:486,(anonymous_32)
FN:500,(anonymous_33)
FN:514,(anonymous_34)
FN:525,(anonymous_35)
FN:530,(anonymous_36)
FN:539,(anonymous_37)
FN:560,(anonymous_38)
FN:564,(anonymous_39)
FN:572,(anonymous_40)
FN:576,(anonymous_41)
FN:585,(anonymous_42)
FN:599,(anonymous_43)
FN:605,(anonymous_44)
FN:615,(anonymous_45)
FN:619,(anonymous_46)
FNF:37
FNH:0
FNDA:0,(anonymous_10)
FNDA:0,(anonymous_11)
FNDA:0,(anonymous_12)
FNDA:0,(anonymous_13)
FNDA:0,(anonymous_14)
FNDA:0,(anonymous_15)
FNDA:0,(anonymous_16)
FNDA:0,(anonymous_17)
FNDA:0,(anonymous_18)
FNDA:0,(anonymous_19)
FNDA:0,(anonymous_20)
FNDA:0,(anonymous_21)
FNDA:0,(anonymous_22)
FNDA:0,(anonymous_23)
FNDA:0,(anonymous_24)
FNDA:0,(anonymous_25)
FNDA:0,(anonymous_26)
FNDA:0,(anonymous_27)
FNDA:0,(anonymous_28)
FNDA:0,(anonymous_29)
FNDA:0,(anonymous_30)
FNDA:0,(anonymous_31)
FNDA:0,(anonymous_32)
FNDA:0,(anonymous_33)
FNDA:0,(anonymous_34)
FNDA:0,(anonymous_35)
FNDA:0,(anonymous_36)
FNDA:0,(anonymous_37)
FNDA:0,(anonymous_38)
FNDA:0,(anonymous_39)
FNDA:0,(anonymous_40)
FNDA:0,(anonymous_41)
FNDA:0,(anonymous_42)
FNDA:0,(anonymous_43)
FNDA:0,(anonymous_44)
FNDA:0,(anonymous_45)
FNDA:0,(anonymous_46)
DA:1,0
DA:2,0
DA:3,0
DA:4,0
DA:5,0
DA:6,0
DA:7,0
DA:15,0
DA:18,0
DA:19,0
DA:22,0
DA:26,0
DA:28,0
DA:47,0
DA:51,0
DA:53,0
DA:54,0
DA:55,0
DA:58,0
DA:59,0
DA:62,0
DA:63,0
DA:66,0
DA:67,0
DA:68,0
DA:71,0
DA:72,0
DA:75,0
DA:76,0
DA:79,0
DA:80,0
DA:81,0
DA:84,0
DA:85,0
DA:90,0
DA:92,0
DA:93,0
DA:96,0
DA:97,0
DA:100,0
DA:101,0
DA:103,0
DA:106,0
DA:107,0
DA:108,0
DA:111,0
DA:114,0
DA:117,0
DA:120,0
DA:121,0
DA:122,0
DA:123,0
DA:124,0
DA:125,0
DA:129,0
DA:130,0
DA:138,0
DA:141,0
DA:143,0
DA:152,0
DA:153,0
DA:157,0
DA:158,0
DA:163,0
DA:169,0
DA:173,0
DA:174,0
DA:179,0
DA:184,0
DA:188,0
DA:189,0
DA:190,0
DA:194,0
DA:195,0
DA:196,0
DA:200,0
DA:201,0
DA:202,0
DA:206,0
DA:214,0
DA:215,0
DA:218,0
DA:219,0
DA:220,0
DA:221,0
DA:225,0
DA:226,0
DA:227,0
DA:228,0
DA:230,0
DA:232,0
DA:238,0
DA:242,0
DA:243,0
DA:244,0
DA:245,0
DA:249,0
DA:250,0
DA:252,0
DA:253,0
DA:254,0
DA:261,0
DA:263,0
DA:266,0
DA:269,0
DA:270,0
DA:275,0
DA:278,0
DA:279,0
DA:280,0
DA:282,0
DA:284,0
DA:285,0
DA:286,0
DA:287,0
DA:288,0
DA:291,0
DA:292,0
DA:293,0
DA:295,0
DA:296,0
DA:300,0
DA:301,0
DA:302,0
DA:304,0
DA:305,0
DA:311,0
DA:314,0
DA:315,0
DA:317,0
DA:318,0
DA:319,0
DA:322,0
DA:324,0
DA:325,0
DA:326,0
DA:330,0
DA:337,0
DA:338,0
DA:340,0
DA:342,0
DA:352,0
DA:355,0
DA:356,0
DA:357,0
DA:360,0
DA:361,0
DA:362,0
DA:363,0
DA:366,0
DA:367,0
DA:369,0
DA:376,0
DA:380,0
DA:381,0
DA:382,0
DA:383,0
DA:387,0
DA:388,0
DA:390,0
DA:391,0
DA:396,0
DA:402,0
DA:405,0
DA:407,0
DA:418,0
DA:424,0
DA:426,0
DA:431,0
DA:434,0
DA:435,0
DA:437,0
DA:438,0
DA:439,0
DA:444,0
DA:445,0
DA:447,0
DA:450,0
DA:452,0
DA:453,0
DA:458,0
DA:461,0
DA:463,0
DA:464,0
DA:465,0
DA:466,0
DA:467,0
DA:468,0
DA:469,0
DA:472,0
DA:474,0
DA:478,0
DA:479,0
DA:480,0
DA:483,0
DA:484,0
DA:486,0
DA:487,0
DA:488,0
DA:489,0
DA:490,0
DA:493,0
DA:494,0
DA:495,0
DA:497,0
DA:501,0
DA:503,0
DA:504,0
DA:509,0
DA:512,0
DA:514,0
DA:515,0
DA:516,0
DA:517,0
DA:518,0
DA:519,0
DA:522,0
DA:527,0
DA:529,0
DA:530,0
DA:531,0
DA:534,0
DA:536,0
DA:541,0
DA:554,0
DA:561,0
DA:563,0
DA:564,0
DA:565,0
DA:573,0
DA:577,0
DA:578,0
DA:581,0
DA:582,0
DA:586,0
DA:587,0
DA:590,0
DA:591,0
DA:592,0
DA:594,0
DA:595,0
DA:600,0
DA:601,0
DA:604,0
DA:605,0
DA:606,0
DA:607,0
DA:608,0
DA:610,0
DA:611,0
DA:616,0
DA:620,0
DA:624,0
LF:253
LH:0
BRDA:51,0,0,0
BRDA:51,0,1,0
BRDA:92,1,0,0
BRDA:92,1,1,0
BRDA:92,2,0,0
BRDA:92,2,1,0
BRDA:101,3,0,0
BRDA:101,3,1,0
BRDA:103,4,0,0
BRDA:103,4,1,0
BRDA:106,5,0,0
BRDA:106,5,1,0
BRDA:117,6,0,0
BRDA:117,6,1,0
BRDA:120,7,0,0
BRDA:120,7,1,0
BRDA:122,8,0,0
BRDA:122,8,1,0
BRDA:124,9,0,0
BRDA:124,9,1,0
BRDA:141,10,0,0
BRDA:141,10,1,0
BRDA:141,11,0,0
BRDA:141,11,1,0
BRDA:141,11,2,0
BRDA:157,12,0,0
BRDA:157,12,1,0
BRDA:157,13,0,0
BRDA:157,13,1,0
BRDA:157,13,2,0
BRDA:157,13,3,0
BRDA:173,14,0,0
BRDA:173,14,1,0
BRDA:173,15,0,0
BRDA:173,15,1,0
BRDA:173,15,2,0
BRDA:188,16,0,0
BRDA:188,16,1,0
BRDA:188,17,0,0
BRDA:188,17,1,0
BRDA:188,17,2,0
BRDA:194,18,0,0
BRDA:194,18,1,0
BRDA:194,19,0,0
BRDA:194,19,1,0
BRDA:200,20,0,0
BRDA:200,20,1,0
BRDA:200,21,0,0
BRDA:200,21,1,0
BRDA:200,21,2,0
BRDA:200,21,3,0
BRDA:218,22,0,0
BRDA:218,22,1,0
BRDA:218,23,0,0
BRDA:218,23,1,0
BRDA:225,24,0,0
BRDA:225,24,1,0
BRDA:242,25,0,0
BRDA:242,25,1,0
BRDA:243,26,0,0
BRDA:243,26,1,0
BRDA:254,27,0,0
BRDA:254,27,1,0
BRDA:254,27,2,0
BRDA:261,28,0,0
BRDA:261,28,1,0
BRDA:269,29,0,0
BRDA:269,29,1,0
BRDA:287,30,0,0
BRDA:287,30,1,0
BRDA:300,31,0,0
BRDA:300,31,1,0
BRDA:301,32,0,0
BRDA:301,32,1,0
BRDA:304,33,0,0
BRDA:304,33,1,0
BRDA:317,34,0,0
BRDA:317,34,1,0
BRDA:317,35,0,0
BRDA:317,35,1,0
BRDA:317,35,2,0
BRDA:324,36,0,0
BRDA:324,36,1,0
BRDA:355,37,0,0
BRDA:355,37,1,0
BRDA:355,38,0,0
BRDA:355,38,1,0
BRDA:360,39,0,0
BRDA:360,39,1,0
BRDA:361,40,0,0
BRDA:361,40,1,0
BRDA:387,41,0,0
BRDA:387,41,1,0
BRDA:388,42,0,0
BRDA:388,42,1,0
BRDA:439,43,0,0
BRDA:439,43,1,0
BRDA:444,44,0,0
BRDA:444,44,1,0
BRDA:452,45,0,0
BRDA:452,45,1,0
BRDA:466,46,0,0
BRDA:466,46,1,0
BRDA:469,47,0,0
BRDA:469,47,1,0
BRDA:478,48,0,0
BRDA:478,48,1,0
BRDA:503,49,0,0
BRDA:503,49,1,0
BRDA:518,50,0,0
BRDA:518,50,1,0
BRDA:519,51,0,0
BRDA:519,51,1,0
BRDA:561,52,0,0
BRDA:561,52,1,0
BRDA:565,53,0,0
BRDA:565,53,1,0
BRDA:577,54,0,0
BRDA:577,54,1,0
BRDA:586,55,0,0
BRDA:586,55,1,0
BRDA:586,56,0,0
BRDA:586,56,1,0
BRDA:600,57,0,0
BRDA:600,57,1,0
BRDA:600,58,0,0
BRDA:600,58,1,0
BRF:127
BRH:0
end_of_record
TN:
SF:src\utils\logger.ts
FN:8,(anonymous_1)
FN:13,(anonymous_2)
FN:19,(anonymous_3)
FN:23,(anonymous_4)
FN:33,(anonymous_5)
FN:38,(anonymous_6)
FN:43,(anonymous_7)
FN:48,(anonymous_8)
FN:59,(anonymous_9)
FNF:9
FNH:0
FNDA:0,(anonymous_1)
FNDA:0,(anonymous_2)
FNDA:0,(anonymous_3)
FNDA:0,(anonymous_4)
FNDA:0,(anonymous_5)
FNDA:0,(anonymous_6)
FNDA:0,(anonymous_7)
FNDA:0,(anonymous_8)
FNDA:0,(anonymous_9)
DA:1,0
DA:2,0
DA:3,0
DA:9,0
DA:10,0
DA:14,0
DA:15,0
DA:20,0
DA:24,0
DA:25,0
DA:27,0
DA:28,0
DA:30,0
DA:34,0
DA:35,0
DA:39,0
DA:40,0
DA:44,0
DA:45,0
DA:49,0
DA:50,0
DA:51,0
DA:52,0
DA:53,0
DA:55,0
DA:60,0
DA:61,0
DA:62,0
DA:67,0
LF:29
LH:0
BRDA:14,0,0,0
BRDA:14,0,1,0
BRDA:50,1,0,0
BRDA:50,1,1,0
BRDA:60,2,0,0
BRDA:60,2,1,0
BRF:6
BRH:0
end_of_record
TN:
SF:src\utils\textHelpers.ts
FN:4,normalizarTexto
FN:19,formatearTexto
FN:24,(anonymous_2)
FN:30,limpiarTexto
FN:43,extraerNumero
FN:51,extraerNumeros
FN:53,(anonymous_6)
FN:59,truncarTexto
FN:67,esTelefono
FN:74,limpiarTelefono
FNF:10
FNH:10
FNDA:8,normalizarTexto
FNDA:4,formatearTexto
FNDA:4,(anonymous_2)
FNDA:2,limpiarTexto
FNDA:4,extraerNumero
FNDA:2,extraerNumeros
FNDA:2,(anonymous_6)
FNDA:3,truncarTexto
FNDA:4,esTelefono
FNDA:2,limpiarTelefono
DA:4,1
DA:5,8
DA:7,6
DA:19,1
DA:20,4
DA:22,2
DA:24,4
DA:30,1
DA:31,2
DA:33,2
DA:43,1
DA:44,4
DA:45,4
DA:51,1
DA:52,2
DA:53,2
DA:59,1
DA:60,3
DA:61,2
DA:67,1
DA:68,4
DA:74,1
DA:75,2
LF:23
LH:23
BRDA:5,0,0,2
BRDA:5,0,1,6
BRDA:20,1,0,2
BRDA:20,1,1,2
BRDA:31,2,0,0
BRDA:31,2,1,2
BRDA:45,3,0,3
BRDA:45,3,1,1
BRDA:53,4,0,1
BRDA:53,4,1,1
BRDA:59,5,0,1
BRDA:60,6,0,1
BRDA:60,6,1,2
BRDA:60,7,0,3
BRDA:60,7,1,3
BRF:15
BRH:14
end_of_record
